mode: set
github.com/redhat-scholars/visitors-operator/controllers/backend.go:22.57,24.2 1 0
github.com/redhat-scholars/visitors-operator/controllers/backend.go:26.54,28.2 1 0
github.com/redhat-scholars/visitors-operator/controllers/backend.go:30.92,97.2 7 0
github.com/redhat-scholars/visitors-operator/controllers/backend.go:99.86,121.2 4 0
github.com/redhat-scholars/visitors-operator/controllers/backend.go:123.81,127.2 3 0
github.com/redhat-scholars/visitors-operator/controllers/backend.go:129.103,135.16 3 0
github.com/redhat-scholars/visitors-operator/controllers/backend.go:140.2,142.34 2 0
github.com/redhat-scholars/visitors-operator/controllers/backend.go:153.2,153.17 1 0
github.com/redhat-scholars/visitors-operator/controllers/backend.go:135.16,138.3 1 0
github.com/redhat-scholars/visitors-operator/controllers/backend.go:142.34,145.17 3 0
github.com/redhat-scholars/visitors-operator/controllers/backend.go:150.3,150.47 1 0
github.com/redhat-scholars/visitors-operator/controllers/backend.go:145.17,148.4 2 0
github.com/redhat-scholars/visitors-operator/controllers/common.go:18.30,26.42 3 0
github.com/redhat-scholars/visitors-operator/controllers/common.go:46.2,46.17 1 0
github.com/redhat-scholars/visitors-operator/controllers/common.go:26.42,32.17 3 0
github.com/redhat-scholars/visitors-operator/controllers/common.go:32.17,36.4 2 0
github.com/redhat-scholars/visitors-operator/controllers/common.go:36.9,39.4 1 0
github.com/redhat-scholars/visitors-operator/controllers/common.go:40.8,40.23 1 0
github.com/redhat-scholars/visitors-operator/controllers/common.go:40.23,44.3 2 0
github.com/redhat-scholars/visitors-operator/controllers/common.go:52.30,58.42 3 0
github.com/redhat-scholars/visitors-operator/controllers/common.go:78.2,78.17 1 0
github.com/redhat-scholars/visitors-operator/controllers/common.go:58.42,64.17 3 0
github.com/redhat-scholars/visitors-operator/controllers/common.go:64.17,68.4 2 0
github.com/redhat-scholars/visitors-operator/controllers/common.go:68.9,71.4 1 0
github.com/redhat-scholars/visitors-operator/controllers/common.go:72.8,72.23 1 0
github.com/redhat-scholars/visitors-operator/controllers/common.go:72.23,76.3 2 0
github.com/redhat-scholars/visitors-operator/controllers/common.go:84.30,90.42 3 0
github.com/redhat-scholars/visitors-operator/controllers/common.go:109.2,109.17 1 0
github.com/redhat-scholars/visitors-operator/controllers/common.go:90.42,95.17 3 0
github.com/redhat-scholars/visitors-operator/controllers/common.go:95.17,99.4 2 0
github.com/redhat-scholars/visitors-operator/controllers/common.go:99.9,102.4 1 0
github.com/redhat-scholars/visitors-operator/controllers/common.go:103.8,103.23 1 0
github.com/redhat-scholars/visitors-operator/controllers/common.go:103.23,107.3 2 0
github.com/redhat-scholars/visitors-operator/controllers/common.go:112.66,118.2 1 0
github.com/redhat-scholars/visitors-operator/controllers/frontend.go:22.58,24.2 1 0
github.com/redhat-scholars/visitors-operator/controllers/frontend.go:26.55,28.2 1 0
github.com/redhat-scholars/visitors-operator/controllers/frontend.go:30.93,36.24 4 0
github.com/redhat-scholars/visitors-operator/controllers/frontend.go:43.2,73.12 3 0
github.com/redhat-scholars/visitors-operator/controllers/frontend.go:36.24,41.3 1 0
github.com/redhat-scholars/visitors-operator/controllers/frontend.go:76.87,100.2 5 0
github.com/redhat-scholars/visitors-operator/controllers/frontend.go:102.82,106.2 3 0
github.com/redhat-scholars/visitors-operator/controllers/frontend.go:108.104,114.16 3 0
github.com/redhat-scholars/visitors-operator/controllers/frontend.go:119.2,122.23 3 0
github.com/redhat-scholars/visitors-operator/controllers/frontend.go:133.2,133.17 1 0
github.com/redhat-scholars/visitors-operator/controllers/frontend.go:114.16,117.3 1 0
github.com/redhat-scholars/visitors-operator/controllers/frontend.go:122.23,125.17 3 0
github.com/redhat-scholars/visitors-operator/controllers/frontend.go:130.3,130.47 1 0
github.com/redhat-scholars/visitors-operator/controllers/frontend.go:125.17,128.4 2 0
github.com/redhat-scholars/visitors-operator/controllers/mysql.go:14.35,16.2 1 0
github.com/redhat-scholars/visitors-operator/controllers/mysql.go:18.32,20.2 1 0
github.com/redhat-scholars/visitors-operator/controllers/mysql.go:22.29,24.2 1 0
github.com/redhat-scholars/visitors-operator/controllers/mysql.go:26.86,40.2 3 0
github.com/redhat-scholars/visitors-operator/controllers/mysql.go:42.90,108.2 7 0
github.com/redhat-scholars/visitors-operator/controllers/mysql.go:110.84,129.2 4 0
github.com/redhat-scholars/visitors-operator/controllers/mysql.go:132.70,140.16 3 0
github.com/redhat-scholars/visitors-operator/controllers/mysql.go:145.2,145.42 1 0
github.com/redhat-scholars/visitors-operator/controllers/mysql.go:149.2,149.14 1 0
github.com/redhat-scholars/visitors-operator/controllers/mysql.go:140.16,143.3 2 0
github.com/redhat-scholars/visitors-operator/controllers/mysql.go:145.42,147.3 1 0
github.com/redhat-scholars/visitors-operator/controllers/visitorsapp_controller.go:54.103,63.16 6 0
github.com/redhat-scholars/visitors-operator/controllers/visitorsapp_controller.go:74.2,78.19 3 0
github.com/redhat-scholars/visitors-operator/controllers/visitorsapp_controller.go:82.2,83.19 2 0
github.com/redhat-scholars/visitors-operator/controllers/visitorsapp_controller.go:87.2,88.19 2 0
github.com/redhat-scholars/visitors-operator/controllers/visitorsapp_controller.go:92.2,94.19 2 0
github.com/redhat-scholars/visitors-operator/controllers/visitorsapp_controller.go:104.2,105.19 2 0
github.com/redhat-scholars/visitors-operator/controllers/visitorsapp_controller.go:109.2,110.19 2 0
github.com/redhat-scholars/visitors-operator/controllers/visitorsapp_controller.go:114.2,115.16 2 0
github.com/redhat-scholars/visitors-operator/controllers/visitorsapp_controller.go:120.2,121.19 2 0
github.com/redhat-scholars/visitors-operator/controllers/visitorsapp_controller.go:126.2,127.19 2 0
github.com/redhat-scholars/visitors-operator/controllers/visitorsapp_controller.go:131.2,132.19 2 0
github.com/redhat-scholars/visitors-operator/controllers/visitorsapp_controller.go:136.2,137.16 2 0
github.com/redhat-scholars/visitors-operator/controllers/visitorsapp_controller.go:142.2,143.19 2 0
github.com/redhat-scholars/visitors-operator/controllers/visitorsapp_controller.go:150.2,150.27 1 0
github.com/redhat-scholars/visitors-operator/controllers/visitorsapp_controller.go:63.16,64.29 1 0
github.com/redhat-scholars/visitors-operator/controllers/visitorsapp_controller.go:71.3,71.28 1 0
github.com/redhat-scholars/visitors-operator/controllers/visitorsapp_controller.go:64.29,69.4 1 0
github.com/redhat-scholars/visitors-operator/controllers/visitorsapp_controller.go:78.19,80.3 1 0
github.com/redhat-scholars/visitors-operator/controllers/visitorsapp_controller.go:83.19,85.3 1 0
github.com/redhat-scholars/visitors-operator/controllers/visitorsapp_controller.go:88.19,90.3 1 0
github.com/redhat-scholars/visitors-operator/controllers/visitorsapp_controller.go:94.19,101.3 3 0
github.com/redhat-scholars/visitors-operator/controllers/visitorsapp_controller.go:105.19,107.3 1 0
github.com/redhat-scholars/visitors-operator/controllers/visitorsapp_controller.go:110.19,112.3 1 0
github.com/redhat-scholars/visitors-operator/controllers/visitorsapp_controller.go:115.16,118.3 1 0
github.com/redhat-scholars/visitors-operator/controllers/visitorsapp_controller.go:121.19,123.3 1 0
github.com/redhat-scholars/visitors-operator/controllers/visitorsapp_controller.go:127.19,129.3 1 0
github.com/redhat-scholars/visitors-operator/controllers/visitorsapp_controller.go:132.19,134.3 1 0
github.com/redhat-scholars/visitors-operator/controllers/visitorsapp_controller.go:137.16,140.3 1 0
github.com/redhat-scholars/visitors-operator/controllers/visitorsapp_controller.go:143.19,145.3 1 0
github.com/redhat-scholars/visitors-operator/controllers/visitorsapp_controller.go:154.74,158.2 1 0
