mode: set
github.com/redhat-scholars/visitors-operator/controllers/backend.go:22.57,24.2 1 0
github.com/redhat-scholars/visitors-operator/controllers/backend.go:26.54,28.2 1 0
github.com/redhat-scholars/visitors-operator/controllers/backend.go:30.92,97.2 7 0
github.com/redhat-scholars/visitors-operator/controllers/backend.go:99.86,121.2 4 0
github.com/redhat-scholars/visitors-operator/controllers/backend.go:123.81,127.2 3 0
github.com/redhat-scholars/visitors-operator/controllers/backend.go:129.103,135.16 3 0
github.com/redhat-scholars/visitors-operator/controllers/backend.go:140.2,142.34 2 0
github.com/redhat-scholars/visitors-operator/controllers/backend.go:153.2,153.17 1 0
github.com/redhat-scholars/visitors-operator/controllers/backend.go:135.16,138.3 1 0
github.com/redhat-scholars/visitors-operator/controllers/backend.go:142.34,145.17 3 0
github.com/redhat-scholars/visitors-operator/controllers/backend.go:150.3,150.47 1 0
github.com/redhat-scholars/visitors-operator/controllers/backend.go:145.17,148.4 2 0
github.com/redhat-scholars/visitors-operator/controllers/common.go:18.30,26.42 3 0
github.com/redhat-scholars/visitors-operator/controllers/common.go:46.2,46.17 1 0
github.com/redhat-scholars/visitors-operator/controllers/common.go:26.42,32.17 3 0
github.com/redhat-scholars/visitors-operator/controllers/common.go:32.17,36.4 2 0
github.com/redhat-scholars/visitors-operator/controllers/common.go:36.9,39.4 1 0
github.com/redhat-scholars/visitors-operator/controllers/common.go:40.8,40.23 1 0
github.com/redhat-scholars/visitors-operator/controllers/common.go:40.23,44.3 2 0
github.com/redhat-scholars/visitors-operator/controllers/common.go:52.30,58.42 3 0
github.com/redhat-scholars/visitors-operator/controllers/common.go:78.2,78.17 1 0
github.com/redhat-scholars/visitors-operator/controllers/common.go:58.42,64.17 3 0
github.com/redhat-scholars/visitors-operator/controllers/common.go:64.17,68.4 2 0
github.com/redhat-scholars/visitors-operator/controllers/common.go:68.9,71.4 1 0
github.com/redhat-scholars/visitors-operator/controllers/common.go:72.8,72.23 1 0
github.com/redhat-scholars/visitors-operator/controllers/common.go:72.23,76.3 2 0
github.com/redhat-scholars/visitors-operator/controllers/common.go:84.30,90.42 3 0
github.com/redhat-scholars/visitors-operator/controllers/common.go:109.2,109.17 1 0
github.com/redhat-scholars/visitors-operator/controllers/common.go:90.42,95.17 3 0
github.com/redhat-scholars/visitors-operator/controllers/common.go:95.17,99.4 2 0
github.com/redhat-scholars/visitors-operator/controllers/common.go:99.9,102.4 1 0
github.com/redhat-scholars/visitors-operator/controllers/common.go:103.8,103.23 1 0
github.com/redhat-scholars/visitors-operator/controllers/common.go:103.23,107.3 2 0
github.com/redhat-scholars/visitors-operator/controllers/common.go:112.66,118.2 1 0
github.com/redhat-scholars/visitors-operator/controllers/frontend.go:22.58,24.2 1 0
github.com/redhat-scholars/visitors-operator/controllers/frontend.go:26.55,28.2 1 0
github.com/redhat-scholars/visitors-operator/controllers/frontend.go:30.93,36.24 4 0
github.com/redhat-scholars/visitors-operator/controllers/frontend.go:43.2,73.12 3 0
github.com/redhat-scholars/visitors-operator/controllers/frontend.go:36.24,41.3 1 0
github.com/redhat-scholars/visitors-operator/controllers/frontend.go:76.87,100.2 5 0
github.com/redhat-scholars/visitors-operator/controllers/frontend.go:102.82,106.2 3 0
github.com/redhat-scholars/visitors-operator/controllers/frontend.go:108.104,114.16 3 0
github.com/redhat-scholars/visitors-operator/controllers/frontend.go:119.2,122.23 3 0
github.com/redhat-scholars/visitors-operator/controllers/frontend.go:133.2,133.17 1 0
github.com/redhat-scholars/visitors-operator/controllers/frontend.go:114.16,117.3 1 0
github.com/redhat-scholars/visitors-operator/controllers/frontend.go:122.23,125.17 3 0
github.com/redhat-scholars/visitors-operator/controllers/frontend.go:130.3,130.47 1 0
github.com/redhat-scholars/visitors-operator/controllers/frontend.go:125.17,128.4 2 0
github.com/redhat-scholars/visitors-operator/controllers/mysql.go:14.35,16.2 1 0
github.com/redhat-scholars/visitors-operator/controllers/mysql.go:18.32,20.2 1 0
github.com/redhat-scholars/visitors-operator/controllers/mysql.go:22.29,24.2 1 0
github.com/redhat-scholars/visitors-operator/controllers/mysql.go:26.86,40.2 3 0
github.com/redhat-scholars/visitors-operator/controllers/mysql.go:42.90,108.2 7 0
github.com/redhat-scholars/visitors-operator/controllers/mysql.go:110.84,129.2 4 0
github.com/redhat-scholars/visitors-operator/controllers/mysql.go:132.70,140.16 3 0
github.com/redhat-scholars/visitors-operator/controllers/mysql.go:145.2,145.42 1 0
github.com/redhat-scholars/visitors-operator/controllers/mysql.go:149.2,149.14 1 0
github.com/redhat-scholars/visitors-operator/controllers/mysql.go:140.16,143.3 2 0
github.com/redhat-scholars/visitors-operator/controllers/mysql.go:145.42,147.3 1 0
github.com/redhat-scholars/visitors-operator/controllers/visitorsapp_controller.go:54.103,62.16 5 0
github.com/redhat-scholars/visitors-operator/controllers/visitorsapp_controller.go:73.2,77.19 3 0
github.com/redhat-scholars/visitors-operator/controllers/visitorsapp_controller.go:81.2,82.19 2 0
github.com/redhat-scholars/visitors-operator/controllers/visitorsapp_controller.go:86.2,87.19 2 0
github.com/redhat-scholars/visitors-operator/controllers/visitorsapp_controller.go:91.2,93.19 2 0
github.com/redhat-scholars/visitors-operator/controllers/visitorsapp_controller.go:103.2,104.19 2 0
github.com/redhat-scholars/visitors-operator/controllers/visitorsapp_controller.go:108.2,109.19 2 0
github.com/redhat-scholars/visitors-operator/controllers/visitorsapp_controller.go:113.2,114.16 2 0
github.com/redhat-scholars/visitors-operator/controllers/visitorsapp_controller.go:119.2,120.19 2 0
github.com/redhat-scholars/visitors-operator/controllers/visitorsapp_controller.go:125.2,126.19 2 0
github.com/redhat-scholars/visitors-operator/controllers/visitorsapp_controller.go:130.2,131.19 2 0
github.com/redhat-scholars/visitors-operator/controllers/visitorsapp_controller.go:135.2,136.16 2 0
github.com/redhat-scholars/visitors-operator/controllers/visitorsapp_controller.go:141.2,142.19 2 0
github.com/redhat-scholars/visitors-operator/controllers/visitorsapp_controller.go:149.2,149.27 1 0
github.com/redhat-scholars/visitors-operator/controllers/visitorsapp_controller.go:62.16,63.29 1 0
github.com/redhat-scholars/visitors-operator/controllers/visitorsapp_controller.go:70.3,70.28 1 0
github.com/redhat-scholars/visitors-operator/controllers/visitorsapp_controller.go:63.29,68.4 1 0
github.com/redhat-scholars/visitors-operator/controllers/visitorsapp_controller.go:77.19,79.3 1 0
github.com/redhat-scholars/visitors-operator/controllers/visitorsapp_controller.go:82.19,84.3 1 0
github.com/redhat-scholars/visitors-operator/controllers/visitorsapp_controller.go:87.19,89.3 1 0
github.com/redhat-scholars/visitors-operator/controllers/visitorsapp_controller.go:93.19,100.3 3 0
github.com/redhat-scholars/visitors-operator/controllers/visitorsapp_controller.go:104.19,106.3 1 0
github.com/redhat-scholars/visitors-operator/controllers/visitorsapp_controller.go:109.19,111.3 1 0
github.com/redhat-scholars/visitors-operator/controllers/visitorsapp_controller.go:114.16,117.3 1 0
github.com/redhat-scholars/visitors-operator/controllers/visitorsapp_controller.go:120.19,122.3 1 0
github.com/redhat-scholars/visitors-operator/controllers/visitorsapp_controller.go:126.19,128.3 1 0
github.com/redhat-scholars/visitors-operator/controllers/visitorsapp_controller.go:131.19,133.3 1 0
github.com/redhat-scholars/visitors-operator/controllers/visitorsapp_controller.go:136.16,139.3 1 0
github.com/redhat-scholars/visitors-operator/controllers/visitorsapp_controller.go:142.19,144.3 1 0
github.com/redhat-scholars/visitors-operator/controllers/visitorsapp_controller.go:153.74,157.2 1 0
